  [1m[35m (822.8ms)[0m  [1m[35mCREATE DATABASE "qr_code_api_development" ENCODING = 'unicode'[0m
  ↳ config/boot.rb:4:in `load'
  [1m[35m (286.2ms)[0m  [1m[35mCREATE DATABASE "qr_code_api_test" ENCODING = 'unicode'[0m
  ↳ config/boot.rb:4:in `load'
  [1m[35m (26.9ms)[0m  [1m[35mCREATE TABLE "schema_migrations" ("version" character varying NOT NULL PRIMARY KEY)[0m
  ↳ config/boot.rb:4:in `load'
  [1m[35m (4.4ms)[0m  [1m[35mCREATE TABLE "ar_internal_metadata" ("key" character varying NOT NULL PRIMARY KEY, "value" character varying, "created_at" timestamp(6) NOT NULL, "updated_at" timestamp(6) NOT NULL)[0m
  ↳ config/boot.rb:4:in `load'
  [1m[35m (0.5ms)[0m  [1m[34mSELECT pg_try_advisory_lock(1162690996228091190)[0m
  ↳ config/boot.rb:4:in `load'
  [1m[35m (0.9ms)[0m  [1m[34mSELECT "schema_migrations"."version" FROM "schema_migrations" ORDER BY "schema_migrations"."version" ASC[0m
  ↳ config/boot.rb:4:in `load'
Migrating to CreateQrdata (20201208080502)
  [1m[36mTRANSACTION (0.3ms)[0m  [1m[35mBEGIN[0m
  ↳ config/boot.rb:4:in `load'
  [1m[35m (10.7ms)[0m  [1m[35mCREATE TABLE "qrdata" ("id" bigserial primary key, "vendor" character varying, "qrcode" character varying, "created_at" timestamp(6) NOT NULL, "updated_at" timestamp(6) NOT NULL)[0m
  ↳ config/boot.rb:4:in `load'
  [1m[36mActiveRecord::SchemaMigration Create (1.3ms)[0m  [1m[32mINSERT INTO "schema_migrations" ("version") VALUES ($1) RETURNING "version"[0m  [["version", "20201208080502"]]
  ↳ config/boot.rb:4:in `load'
  [1m[36mTRANSACTION (0.8ms)[0m  [1m[35mCOMMIT[0m
  ↳ config/boot.rb:4:in `load'
Migrating to CreateUsernames (20201208080707)
  [1m[35m (0.5ms)[0m  [1m[34mSELECT pg_advisory_unlock(1162690996228091190)[0m
  ↳ config/boot.rb:4:in `load'
  [1m[35m (0.5ms)[0m  [1m[34mSELECT pg_try_advisory_lock(1162690996228091190)[0m
  ↳ config/boot.rb:4:in `load'
  [1m[35m (3.0ms)[0m  [1m[34mSELECT "schema_migrations"."version" FROM "schema_migrations" ORDER BY "schema_migrations"."version" ASC[0m
  ↳ config/boot.rb:4:in `load'
Migrating to CreateUsernames (20201208080707)
  [1m[35m (0.6ms)[0m  [1m[34mSELECT pg_advisory_unlock(1162690996228091190)[0m
  ↳ config/boot.rb:4:in `load'
  [1m[35m (0.6ms)[0m  [1m[34mSELECT pg_try_advisory_lock(1162690996228091190)[0m
  ↳ config/boot.rb:4:in `load'
  [1m[35m (1.5ms)[0m  [1m[34mSELECT "schema_migrations"."version" FROM "schema_migrations" ORDER BY "schema_migrations"."version" ASC[0m
  ↳ config/boot.rb:4:in `load'
Migrating to CreateUsernames (20201208080707)
  [1m[35m (0.5ms)[0m  [1m[34mSELECT pg_advisory_unlock(1162690996228091190)[0m
  ↳ config/boot.rb:4:in `load'
  [1m[35m (0.5ms)[0m  [1m[34mSELECT pg_try_advisory_lock(1162690996228091190)[0m
  ↳ config/boot.rb:4:in `load'
  [1m[35m (1.2ms)[0m  [1m[34mSELECT "schema_migrations"."version" FROM "schema_migrations" ORDER BY "schema_migrations"."version" ASC[0m
  ↳ config/boot.rb:4:in `load'
Migrating to AddForeignKeyToQrdata (20201208081558)
  [1m[36mTRANSACTION (0.3ms)[0m  [1m[35mBEGIN[0m
  ↳ config/boot.rb:4:in `load'
  [1m[35m (5.0ms)[0m  [1m[35mALTER TABLE "qrdata" ADD "user_id" character varying[0m
  ↳ config/boot.rb:4:in `load'
  [1m[36mActiveRecord::SchemaMigration Create (0.7ms)[0m  [1m[32mINSERT INTO "schema_migrations" ("version") VALUES ($1) RETURNING "version"[0m  [["version", "20201208081558"]]
  ↳ config/boot.rb:4:in `load'
  [1m[36mTRANSACTION (1.8ms)[0m  [1m[35mCOMMIT[0m
  ↳ config/boot.rb:4:in `load'
Migrating to CreateUsers (20201208082848)
  [1m[36mTRANSACTION (0.3ms)[0m  [1m[35mBEGIN[0m
  ↳ config/boot.rb:4:in `load'
  [1m[35m (8.1ms)[0m  [1m[35mCREATE TABLE "users" ("id" bigserial primary key, "user_name" character varying, "created_at" timestamp(6) NOT NULL, "updated_at" timestamp(6) NOT NULL)[0m
  ↳ config/boot.rb:4:in `load'
  [1m[36mActiveRecord::SchemaMigration Create (0.5ms)[0m  [1m[32mINSERT INTO "schema_migrations" ("version") VALUES ($1) RETURNING "version"[0m  [["version", "20201208082848"]]
  ↳ config/boot.rb:4:in `load'
  [1m[36mTRANSACTION (1.2ms)[0m  [1m[35mCOMMIT[0m
  ↳ config/boot.rb:4:in `load'
  [1m[36mActiveRecord::InternalMetadata Load (5.8ms)[0m  [1m[34mSELECT "ar_internal_metadata".* FROM "ar_internal_metadata" WHERE "ar_internal_metadata"."key" = $1 LIMIT $2[0m  [["key", "environment"], ["LIMIT", 1]]
  ↳ config/boot.rb:4:in `load'
  [1m[36mTRANSACTION (0.3ms)[0m  [1m[35mBEGIN[0m
  ↳ config/boot.rb:4:in `load'
  [1m[36mActiveRecord::InternalMetadata Create (4.0ms)[0m  [1m[32mINSERT INTO "ar_internal_metadata" ("key", "value", "created_at", "updated_at") VALUES ($1, $2, $3, $4) RETURNING "key"[0m  [["key", "environment"], ["value", "development"], ["created_at", "2020-12-08 08:29:27.361096"], ["updated_at", "2020-12-08 08:29:27.361096"]]
  ↳ config/boot.rb:4:in `load'
  [1m[36mTRANSACTION (0.6ms)[0m  [1m[35mCOMMIT[0m
  ↳ config/boot.rb:4:in `load'
  [1m[35m (0.5ms)[0m  [1m[34mSELECT pg_advisory_unlock(1162690996228091190)[0m
  ↳ config/boot.rb:4:in `load'
  [1m[35m (1.3ms)[0m  [1m[34mSELECT "schema_migrations"."version" FROM "schema_migrations" ORDER BY "schema_migrations"."version" ASC[0m
  ↳ config/boot.rb:4:in `load'
